{"level":"info","message":"Server running on port 3002","timestamp":"2025-02-23 10:22:14"}
{"level":"info","message":"Reset failed attempts","timestamp":"2025-02-23 10:22:34","username":"ralp.pelino11@gmail.com"}
{"level":"info","message":"Successful login","timestamp":"2025-02-23 10:22:34","userId":24,"userLevel":"1.0"}
{"level":"info","message":"Updated failed attempts","timestamp":"2025-02-23 10:23:08","username":"ralp.pelino11@gmail.com"}
{"level":"warn","message":"Failed login attempt","timestamp":"2025-02-23 10:23:08","username":"ralp.pelino11@gmail.com"}
{"level":"info","message":"Updated failed attempts","timestamp":"2025-02-23 10:23:25","username":"ralp.pelino11@gmail.com"}
{"level":"warn","message":"Failed login attempt","timestamp":"2025-02-23 10:23:25","username":"ralp.pelino11@gmail.com"}
{"level":"info","message":"Updated failed attempts","timestamp":"2025-02-23 10:23:41","username":"ralp.pelino11@gmail.com"}
{"level":"warn","message":"Failed login attempt","timestamp":"2025-02-23 10:23:41","username":"ralp.pelino11@gmail.com"}
{"level":"info","message":"Updated failed attempts","timestamp":"2025-02-23 10:23:51","username":"ralp.pelino11@gmail.com"}
{"level":"warn","message":"Failed login attempt","timestamp":"2025-02-23 10:23:51","username":"ralp.pelino11@gmail.com"}
{"ip":"::1","level":"warn","message":"Rate limit exceeded","timestamp":"2025-02-23 10:23:58"}
{"ip":"::1","level":"warn","message":"Rate limit exceeded","timestamp":"2025-02-23 10:24:56"}
{"ip":"::1","level":"warn","message":"Rate limit exceeded","timestamp":"2025-02-23 10:27:24"}
{"level":"info","message":"Reset failed attempts","timestamp":"2025-02-23 10:28:03","username":"rape.gallegos.coc@phinmaed.com"}
{"level":"info","message":"Successful login","timestamp":"2025-02-23 10:28:03","userId":11,"userLevel":"1.0"}
{"level":"info","message":"Reset failed attempts","timestamp":"2025-02-23 10:30:36","username":"ralphjangallegos@gmail.com"}
{"level":"info","message":"Successful login","timestamp":"2025-02-23 10:30:36","userId":1,"userLevel":"100.0"}
{"level":"info","message":"Reset failed attempts","timestamp":"2025-02-23 10:32:01","username":"rape.gallegos.coc@phinmaed.com"}
{"level":"info","message":"Successful login","timestamp":"2025-02-23 10:32:01","userId":11,"userLevel":"1.0"}
{"level":"info","message":"Server running on port 3002","timestamp":"2025-02-23 13:38:05"}
{"level":"info","message":"Server running on port 3002","timestamp":"2025-02-23 14:10:48"}
{"level":"info","message":"Reset failed attempts","timestamp":"2025-02-23 14:11:39","username":"ralp.pelino11@gmail.com"}
{"level":"info","message":"Successful login","timestamp":"2025-02-23 14:11:39","userId":24,"userLevel":"1.0"}
{"level":"info","message":"Server running on port 3002","timestamp":"2025-02-23 14:15:27"}
{"level":"info","message":"Reset failed attempts","timestamp":"2025-02-23 14:16:00","username":"ralp.pelino11@gmail.com"}
{"level":"info","message":"Successful login","timestamp":"2025-02-23 14:16:00","userId":24,"userLevel":"1.0"}
{"level":"info","message":"Server running on port 3002","timestamp":"2025-02-23 14:18:53"}
{"level":"info","message":"Reset failed attempts","timestamp":"2025-02-23 14:20:05","username":"ralp.pelino11@gmail.com"}
{"level":"info","message":"Successful login","timestamp":"2025-02-23 14:20:05","userId":24,"userLevel":"1.0"}
{"level":"info","message":"Reset failed attempts","timestamp":"2025-02-24 02:16:34","username":"ralp.pelino11@gmail.com"}
{"level":"info","message":"Successful login","timestamp":"2025-02-24 02:16:34","userId":24,"userLevel":"1.0"}
{"level":"info","message":"Reset failed attempts","timestamp":"2025-02-24 02:17:03","username":"rape.gallegos.coc@phinmaed.com"}
{"level":"info","message":"Successful login","timestamp":"2025-02-24 02:17:03","userId":11,"userLevel":"1.0"}
{"level":"info","message":"Reset failed attempts","timestamp":"2025-02-24 02:19:36","username":"rape.gallegos.coc@phinmaed.com"}
{"level":"info","message":"Successful login","timestamp":"2025-02-24 02:19:36","userId":11,"userLevel":"1.0"}
{"level":"info","message":"Reset failed attempts","timestamp":"2025-02-24 02:19:51","username":"ralphjangallegos@gmail.com"}
{"level":"info","message":"Successful login","timestamp":"2025-02-24 02:19:51","userId":1,"userLevel":"100.0"}
{"level":"info","message":"Reset failed attempts","timestamp":"2025-02-24 02:31:22","username":"rape.gallegos.coc@phinmaed.com"}
{"level":"info","message":"Successful login","timestamp":"2025-02-24 02:31:22","userId":11,"userLevel":"1.0"}
{"level":"info","message":"Server running on port 3002","timestamp":"2025-02-24 09:03:09"}
{"level":"info","message":"Reset failed attempts","timestamp":"2025-02-24 09:03:55","username":"ralp.pelino11@gmail.com"}
{"level":"info","message":"Successful login","timestamp":"2025-02-24 09:03:55","userId":24,"userLevel":"1.0"}
{"level":"info","message":"Server running on port 3002","timestamp":"2025-02-24 09:12:20"}
{"level":"info","message":"Server running on port 3002","timestamp":"2025-02-24 09:38:21"}
